<?xml version="1.0" encoding="UTF-8" standalone="no"?>
<testsuite failures="1" name="cucumber.runtime.formatter.JUnitFormatter" skipped="0" tests="1" time="0">
<testcase classname="test Launch Appication" name="logging into application" time="0">
<failure message="The scenario has pending or undefined step(s)"><![CDATA[Given User is launching application in browser with url.....................undefined
When User enters user name in username field................................undefined
And User enters Password in password field..................................undefined
Then User clicks on login button............................................undefined
And User verifies if he is in Login Page....................................undefined
]]></failure>
</testcase>
</testsuite>
